android/app/build/intermediates/manifest_merge_blame_file/debug/processDebugMainManifest/manifest-merger-blame-debug-report.txt
1<?xml version="1.0" encoding="utf-8"?>
2<manifest xmlns:android="http://schemas.android.com/apk/res/android"
3    package="com.biovault.app"
4    android:versionCode="11"
5    android:versionName="2.0" >
6
7    <uses-sdk
8        android:minSdkVersion="24"
9        android:targetSdkVersion="36" />
10
11    <!-- Features -->
12    <uses-feature
12-->src\main\AndroidManifest.xml:5:5-7:36
13        android:name="android.hardware.camera"
13-->src\main\AndroidManifest.xml:6:9-47
14        android:required="false" />
14-->src\main\AndroidManifest.xml:7:9-33
15    <uses-feature
15-->src\main\AndroidManifest.xml:8:5-10:36
16        android:name="android.hardware.fingerprint"
16-->src\main\AndroidManifest.xml:9:9-52
17        android:required="false" />
17-->src\main\AndroidManifest.xml:10:9-33
18
19    <!-- Permissions -->
20
21
22    <!-- Permissions -->
23    <uses-permission android:name="android.permission.INTERNET" />
23-->src\main\AndroidManifest.xml:50:5-67
23-->src\main\AndroidManifest.xml:50:22-64
24    <uses-permission android:name="android.permission.CAMERA" />
24-->src\main\AndroidManifest.xml:51:5-65
24-->src\main\AndroidManifest.xml:51:22-62
25    <uses-permission android:name="android.permission.USE_FINGERPRINT" />
25-->src\main\AndroidManifest.xml:52:5-74
25-->src\main\AndroidManifest.xml:52:22-71
26    <!-- ✅ CRITICAL: Biometric permission for API 28+ (required for fingerprint/face) -->
27    <uses-permission android:name="android.permission.USE_BIOMETRIC" />
27-->src\main\AndroidManifest.xml:54:5-72
27-->src\main\AndroidManifest.xml:54:22-69
28    <!-- Alternative biometric permission for newer Android versions -->
29    <uses-permission android:name="android.permission.USE_BIOMETRIC_INTERNAL" />
29-->src\main\AndroidManifest.xml:56:5-81
29-->src\main\AndroidManifest.xml:56:22-78
30    <uses-permission android:name="android.permission.READ_EXTERNAL_STORAGE" />
30-->src\main\AndroidManifest.xml:57:5-80
30-->src\main\AndroidManifest.xml:57:22-77
31    <uses-permission android:name="android.permission.WRITE_EXTERNAL_STORAGE" />
31-->src\main\AndroidManifest.xml:58:5-81
31-->src\main\AndroidManifest.xml:58:22-78
32    <uses-permission android:name="android.permission.MANAGE_EXTERNAL_STORAGE" />
32-->src\main\AndroidManifest.xml:59:5-82
32-->src\main\AndroidManifest.xml:59:22-79
33    <uses-permission android:name="android.permission.RECORD_AUDIO" />
33-->src\main\AndroidManifest.xml:60:5-71
33-->src\main\AndroidManifest.xml:60:22-68
34    <uses-permission android:name="android.permission.READ_MEDIA_VIDEO" />
34-->src\main\AndroidManifest.xml:61:5-75
34-->src\main\AndroidManifest.xml:61:22-72
35    <uses-permission android:name="android.permission.READ_MEDIA_AUDIO" />
35-->src\main\AndroidManifest.xml:62:5-75
35-->src\main\AndroidManifest.xml:62:22-72
36    <uses-permission android:name="android.permission.READ_MEDIA_IMAGES" />
36-->src\main\AndroidManifest.xml:63:5-76
36-->src\main\AndroidManifest.xml:63:22-73
37    <uses-permission android:name="android.permission.ACCESS_FINE_LOCATION" />
37-->src\main\AndroidManifest.xml:64:5-79
37-->src\main\AndroidManifest.xml:64:22-76
38    <uses-permission android:name="android.permission.ACCESS_COARSE_LOCATION" />
38-->src\main\AndroidManifest.xml:65:5-81
38-->src\main\AndroidManifest.xml:65:22-78
39    <uses-permission android:name="android.permission.MODIFY_AUDIO_SETTINGS" />
39-->src\main\AndroidManifest.xml:66:5-80
39-->src\main\AndroidManifest.xml:66:22-77
40    <uses-permission android:name="android.permission.FOREGROUND_SERVICE" />
40-->src\main\AndroidManifest.xml:67:5-77
40-->src\main\AndroidManifest.xml:67:22-74
41
42    <queries>
42-->src\main\AndroidManifest.xml:69:5-79:15
43        <intent>
43-->src\main\AndroidManifest.xml:70:9-72:18
44            <action android:name="android.media.action.IMAGE_CAPTURE" />
44-->src\main\AndroidManifest.xml:71:13-73
44-->src\main\AndroidManifest.xml:71:21-70
45        </intent>
46        <intent>
46-->src\main\AndroidManifest.xml:73:9-75:18
47            <action android:name="android.media.action.VIDEO_CAPTURE" />
47-->src\main\AndroidManifest.xml:74:13-73
47-->src\main\AndroidManifest.xml:74:21-70
48        </intent>
49        <intent>
49-->src\main\AndroidManifest.xml:76:9-78:18
50            <action android:name="android.media.action.RECORD_SOUND" />
50-->src\main\AndroidManifest.xml:77:13-72
50-->src\main\AndroidManifest.xml:77:21-69
51        </intent>
52    </queries>
53
54    <uses-permission android:name="android.permission.ACCESS_NETWORK_STATE" />
54-->[com.google.firebase:firebase-messaging:25.0.1] AndroidManifest.xml:22:5-79
54-->[com.google.firebase:firebase-messaging:25.0.1] AndroidManifest.xml:22:22-76
55    <uses-permission android:name="android.permission.POST_NOTIFICATIONS" />
55-->[com.google.firebase:firebase-messaging:25.0.1] AndroidManifest.xml:23:5-77
55-->[com.google.firebase:firebase-messaging:25.0.1] AndroidManifest.xml:23:22-74
56    <uses-permission android:name="android.permission.WAKE_LOCK" /> <!-- Required by older versions of Google Play services to create IID tokens -->
56-->[com.google.firebase:firebase-messaging:25.0.1] AndroidManifest.xml:24:5-68
56-->[com.google.firebase:firebase-messaging:25.0.1] AndroidManifest.xml:24:22-65
57    <uses-permission android:name="com.google.android.c2dm.permission.RECEIVE" />
57-->[com.google.firebase:firebase-messaging:25.0.1] AndroidManifest.xml:26:5-82
57-->[com.google.firebase:firebase-messaging:25.0.1] AndroidManifest.xml:26:22-79
58
59    <permission
59-->[androidx.core:core:1.17.0] AndroidManifest.xml:22:5-24:47
60        android:name="com.biovault.app.DYNAMIC_RECEIVER_NOT_EXPORTED_PERMISSION"
60-->[androidx.core:core:1.17.0] AndroidManifest.xml:23:9-81
61        android:protectionLevel="signature" />
61-->[androidx.core:core:1.17.0] AndroidManifest.xml:24:9-44
62
63    <uses-permission android:name="com.biovault.app.DYNAMIC_RECEIVER_NOT_EXPORTED_PERMISSION" />
63-->[androidx.core:core:1.17.0] AndroidManifest.xml:26:5-97
63-->[androidx.core:core:1.17.0] AndroidManifest.xml:26:22-94
64
65    <application
65-->src\main\AndroidManifest.xml:12:5-45:19
66        android:allowBackup="true"
66-->src\main\AndroidManifest.xml:13:9-35
67        android:appComponentFactory="androidx.core.app.CoreComponentFactory"
67-->[androidx.core:core:1.17.0] AndroidManifest.xml:28:18-86
68        android:debuggable="true"
69        android:extractNativeLibs="false"
70        android:icon="@mipmap/ic_launcher"
70-->src\main\AndroidManifest.xml:14:9-43
71        android:label="@string/app_name"
71-->src\main\AndroidManifest.xml:15:9-41
72        android:requestLegacyExternalStorage="true"
72-->src\main\AndroidManifest.xml:18:9-52
73        android:roundIcon="@mipmap/ic_launcher_round"
73-->src\main\AndroidManifest.xml:16:9-54
74        android:supportsRtl="true"
74-->src\main\AndroidManifest.xml:17:9-35
75        android:theme="@style/AppTheme"
75-->src\main\AndroidManifest.xml:19:9-40
76        android:usesCleartextTraffic="true" >
76-->[:capacitor-cordova-android-plugins] AndroidManifest.xml:8:18-53
77        <activity
77-->src\main\AndroidManifest.xml:21:9-34:20
78            android:name="com.biovault.app.MainActivity"
78-->src\main\AndroidManifest.xml:23:13-41
79            android:configChanges="orientation|keyboardHidden|keyboard|screenSize|locale|smallestScreenSize|screenLayout|uiMode|navigation|density"
79-->src\main\AndroidManifest.xml:22:13-148
80            android:exported="true"
80-->src\main\AndroidManifest.xml:27:13-36
81            android:label="@string/title_activity_main"
81-->src\main\AndroidManifest.xml:24:13-56
82            android:launchMode="singleTask"
82-->src\main\AndroidManifest.xml:26:13-44
83            android:theme="@style/AppTheme.NoActionBarLaunch" >
83-->src\main\AndroidManifest.xml:25:13-62
84            <intent-filter>
84-->src\main\AndroidManifest.xml:29:13-32:29
85                <action android:name="android.intent.action.MAIN" />
85-->src\main\AndroidManifest.xml:30:17-69
85-->src\main\AndroidManifest.xml:30:25-66
86
87                <category android:name="android.intent.category.LAUNCHER" />
87-->src\main\AndroidManifest.xml:31:17-77
87-->src\main\AndroidManifest.xml:31:27-74
88            </intent-filter>
89        </activity>
90
91        <provider
92            android:name="androidx.core.content.FileProvider"
92-->src\main\AndroidManifest.xml:37:13-62
93            android:authorities="com.biovault.app.fileprovider"
93-->src\main\AndroidManifest.xml:38:13-64
94            android:exported="false"
94-->src\main\AndroidManifest.xml:39:13-37
95            android:grantUriPermissions="true" >
95-->src\main\AndroidManifest.xml:40:13-47
96            <meta-data
96-->src\main\AndroidManifest.xml:41:13-43:64
97                android:name="android.support.FILE_PROVIDER_PATHS"
97-->src\main\AndroidManifest.xml:42:17-67
98                android:resource="@xml/file_paths" />
98-->src\main\AndroidManifest.xml:43:17-51
99        </provider>
100
101        <service
101-->[:capacitor-push-notifications] AndroidManifest.xml:8:9-14:19
102            android:name="com.capacitorjs.plugins.pushnotifications.MessagingService"
102-->[:capacitor-push-notifications] AndroidManifest.xml:9:13-86
103            android:exported="false" >
103-->[:capacitor-push-notifications] AndroidManifest.xml:10:13-37
104            <intent-filter>
104-->[:capacitor-push-notifications] AndroidManifest.xml:11:13-13:29
105                <action android:name="com.google.firebase.MESSAGING_EVENT" />
105-->[:capacitor-push-notifications] AndroidManifest.xml:12:17-78
105-->[:capacitor-push-notifications] AndroidManifest.xml:12:25-75
106            </intent-filter>
107        </service>
108
109        <activity
109-->[:capgo-capacitor-native-biometric] AndroidManifest.xml:8:9-11:59
110            android:name="ee.forgr.biometric.AuthActivity"
110-->[:capgo-capacitor-native-biometric] AndroidManifest.xml:9:13-59
111            android:label="@string/title_activity_auth_activity"
111-->[:capgo-capacitor-native-biometric] AndroidManifest.xml:10:13-65
112            android:theme="@style/AppTheme.Transparent" />
112-->[:capgo-capacitor-native-biometric] AndroidManifest.xml:11:13-56
113
114        <receiver
114-->[com.google.firebase:firebase-messaging:25.0.1] AndroidManifest.xml:29:9-40:20
115            android:name="com.google.firebase.iid.FirebaseInstanceIdReceiver"
115-->[com.google.firebase:firebase-messaging:25.0.1] AndroidManifest.xml:30:13-78
116            android:exported="true"
116-->[com.google.firebase:firebase-messaging:25.0.1] AndroidManifest.xml:31:13-36
117            android:permission="com.google.android.c2dm.permission.SEND" >
117-->[com.google.firebase:firebase-messaging:25.0.1] AndroidManifest.xml:32:13-73
118            <intent-filter>
118-->[com.google.firebase:firebase-messaging:25.0.1] AndroidManifest.xml:33:13-35:29
119                <action android:name="com.google.android.c2dm.intent.RECEIVE" />
119-->[com.google.firebase:firebase-messaging:25.0.1] AndroidManifest.xml:34:17-81
119-->[com.google.firebase:firebase-messaging:25.0.1] AndroidManifest.xml:34:25-78
120            </intent-filter>
121
122            <meta-data
122-->[com.google.firebase:firebase-messaging:25.0.1] AndroidManifest.xml:37:13-39:40
123                android:name="com.google.android.gms.cloudmessaging.FINISHED_AFTER_HANDLED"
123-->[com.google.firebase:firebase-messaging:25.0.1] AndroidManifest.xml:38:17-92
124                android:value="true" />
124-->[com.google.firebase:firebase-messaging:25.0.1] AndroidManifest.xml:39:17-37
125        </receiver>
126        <!--
127             FirebaseMessagingService performs security checks at runtime,
128             but set to not exported to explicitly avoid allowing another app to call it.
129        -->
130        <service
130-->[com.google.firebase:firebase-messaging:25.0.1] AndroidManifest.xml:46:9-53:19
131            android:name="com.google.firebase.messaging.FirebaseMessagingService"
131-->[com.google.firebase:firebase-messaging:25.0.1] AndroidManifest.xml:47:13-82
132            android:directBootAware="true"
132-->[com.google.firebase:firebase-messaging:25.0.1] AndroidManifest.xml:48:13-43
133            android:exported="false" >
133-->[com.google.firebase:firebase-messaging:25.0.1] AndroidManifest.xml:49:13-37
134            <intent-filter android:priority="-500" >
134-->[:capacitor-push-notifications] AndroidManifest.xml:11:13-13:29
135                <action android:name="com.google.firebase.MESSAGING_EVENT" />
135-->[:capacitor-push-notifications] AndroidManifest.xml:12:17-78
135-->[:capacitor-push-notifications] AndroidManifest.xml:12:25-75
136            </intent-filter>
137        </service>
138        <service
138-->[com.google.firebase:firebase-messaging:25.0.1] AndroidManifest.xml:54:9-63:19
139            android:name="com.google.firebase.components.ComponentDiscoveryService"
139-->[com.google.firebase:firebase-messaging:25.0.1] AndroidManifest.xml:55:13-84
140            android:directBootAware="true"
140-->[com.google.firebase:firebase-common:22.0.1] AndroidManifest.xml:32:13-43
141            android:exported="false" >
141-->[com.google.firebase:firebase-messaging:25.0.1] AndroidManifest.xml:56:13-37
142            <meta-data
142-->[com.google.firebase:firebase-messaging:25.0.1] AndroidManifest.xml:57:13-59:85
143                android:name="com.google.firebase.components:com.google.firebase.messaging.FirebaseMessagingKtxRegistrar"
143-->[com.google.firebase:firebase-messaging:25.0.1] AndroidManifest.xml:58:17-122
144                android:value="com.google.firebase.components.ComponentRegistrar" />
144-->[com.google.firebase:firebase-messaging:25.0.1] AndroidManifest.xml:59:17-82
145            <meta-data
145-->[com.google.firebase:firebase-messaging:25.0.1] AndroidManifest.xml:60:13-62:85
146                android:name="com.google.firebase.components:com.google.firebase.messaging.FirebaseMessagingRegistrar"
146-->[com.google.firebase:firebase-messaging:25.0.1] AndroidManifest.xml:61:17-119
147                android:value="com.google.firebase.components.ComponentRegistrar" />
147-->[com.google.firebase:firebase-messaging:25.0.1] AndroidManifest.xml:62:17-82
148            <meta-data
148-->[com.google.firebase:firebase-installations:18.0.0] AndroidManifest.xml:15:13-17:85
149                android:name="com.google.firebase.components:com.google.firebase.installations.FirebaseInstallationsKtxRegistrar"
149-->[com.google.firebase:firebase-installations:18.0.0] AndroidManifest.xml:16:17-130
150                android:value="com.google.firebase.components.ComponentRegistrar" />
150-->[com.google.firebase:firebase-installations:18.0.0] AndroidManifest.xml:17:17-82
151            <meta-data
151-->[com.google.firebase:firebase-installations:18.0.0] AndroidManifest.xml:18:13-20:85
152                android:name="com.google.firebase.components:com.google.firebase.installations.FirebaseInstallationsRegistrar"
152-->[com.google.firebase:firebase-installations:18.0.0] AndroidManifest.xml:19:17-127
153                android:value="com.google.firebase.components.ComponentRegistrar" />
153-->[com.google.firebase:firebase-installations:18.0.0] AndroidManifest.xml:20:17-82
154            <meta-data
154-->[com.google.firebase:firebase-common:22.0.1] AndroidManifest.xml:35:13-37:85
155                android:name="com.google.firebase.components:com.google.firebase.FirebaseCommonKtxRegistrar"
155-->[com.google.firebase:firebase-common:22.0.1] AndroidManifest.xml:36:17-109
156                android:value="com.google.firebase.components.ComponentRegistrar" />
156-->[com.google.firebase:firebase-common:22.0.1] AndroidManifest.xml:37:17-82
157            <meta-data
157-->[com.google.firebase:firebase-datatransport:18.2.0] AndroidManifest.xml:25:13-27:85
158                android:name="com.google.firebase.components:com.google.firebase.datatransport.TransportRegistrar"
158-->[com.google.firebase:firebase-datatransport:18.2.0] AndroidManifest.xml:26:17-115
159                android:value="com.google.firebase.components.ComponentRegistrar" />
159-->[com.google.firebase:firebase-datatransport:18.2.0] AndroidManifest.xml:27:17-82
160        </service>
161
162        <activity
162-->[com.google.android.gms:play-services-base:18.1.0] AndroidManifest.xml:20:9-22:45
163            android:name="com.google.android.gms.common.api.GoogleApiActivity"
163-->[com.google.android.gms:play-services-base:18.1.0] AndroidManifest.xml:20:19-85
164            android:exported="false"
164-->[com.google.android.gms:play-services-base:18.1.0] AndroidManifest.xml:22:19-43
165            android:theme="@android:style/Theme.Translucent.NoTitleBar" />
165-->[com.google.android.gms:play-services-base:18.1.0] AndroidManifest.xml:21:19-78
166
167        <provider
167-->[com.google.firebase:firebase-common:22.0.1] AndroidManifest.xml:23:9-28:39
168            android:name="com.google.firebase.provider.FirebaseInitProvider"
168-->[com.google.firebase:firebase-common:22.0.1] AndroidManifest.xml:24:13-77
169            android:authorities="com.biovault.app.firebaseinitprovider"
169-->[com.google.firebase:firebase-common:22.0.1] AndroidManifest.xml:25:13-72
170            android:directBootAware="true"
170-->[com.google.firebase:firebase-common:22.0.1] AndroidManifest.xml:26:13-43
171            android:exported="false"
171-->[com.google.firebase:firebase-common:22.0.1] AndroidManifest.xml:27:13-37
172            android:initOrder="100" />
172-->[com.google.firebase:firebase-common:22.0.1] AndroidManifest.xml:28:13-36
173        <provider
173-->[androidx.emoji2:emoji2:1.3.0] AndroidManifest.xml:24:9-32:20
174            android:name="androidx.startup.InitializationProvider"
174-->[androidx.emoji2:emoji2:1.3.0] AndroidManifest.xml:25:13-67
175            android:authorities="com.biovault.app.androidx-startup"
175-->[androidx.emoji2:emoji2:1.3.0] AndroidManifest.xml:26:13-68
176            android:exported="false" >
176-->[androidx.emoji2:emoji2:1.3.0] AndroidManifest.xml:27:13-37
177            <meta-data
177-->[androidx.emoji2:emoji2:1.3.0] AndroidManifest.xml:29:13-31:52
178                android:name="androidx.emoji2.text.EmojiCompatInitializer"
178-->[androidx.emoji2:emoji2:1.3.0] AndroidManifest.xml:30:17-75
179                android:value="androidx.startup" />
179-->[androidx.emoji2:emoji2:1.3.0] AndroidManifest.xml:31:17-49
180            <meta-data
180-->[androidx.lifecycle:lifecycle-process:2.6.2] AndroidManifest.xml:29:13-31:52
181                android:name="androidx.lifecycle.ProcessLifecycleInitializer"
181-->[androidx.lifecycle:lifecycle-process:2.6.2] AndroidManifest.xml:30:17-78
182                android:value="androidx.startup" />
182-->[androidx.lifecycle:lifecycle-process:2.6.2] AndroidManifest.xml:31:17-49
183            <meta-data
183-->[androidx.profileinstaller:profileinstaller:1.4.0] AndroidManifest.xml:29:13-31:52
184                android:name="androidx.profileinstaller.ProfileInstallerInitializer"
184-->[androidx.profileinstaller:profileinstaller:1.4.0] AndroidManifest.xml:30:17-85
185                android:value="androidx.startup" />
185-->[androidx.profileinstaller:profileinstaller:1.4.0] AndroidManifest.xml:31:17-49
186        </provider>
187
188        <uses-library
188-->[androidx.window:window:1.0.0] AndroidManifest.xml:25:9-27:40
189            android:name="androidx.window.extensions"
189-->[androidx.window:window:1.0.0] AndroidManifest.xml:26:13-54
190            android:required="false" />
190-->[androidx.window:window:1.0.0] AndroidManifest.xml:27:13-37
191        <uses-library
191-->[androidx.window:window:1.0.0] AndroidManifest.xml:28:9-30:40
192            android:name="androidx.window.sidecar"
192-->[androidx.window:window:1.0.0] AndroidManifest.xml:29:13-51
193            android:required="false" />
193-->[androidx.window:window:1.0.0] AndroidManifest.xml:30:13-37
194
195        <meta-data
195-->[com.google.android.gms:play-services-basement:18.3.0] AndroidManifest.xml:21:9-23:69
196            android:name="com.google.android.gms.version"
196-->[com.google.android.gms:play-services-basement:18.3.0] AndroidManifest.xml:22:13-58
197            android:value="@integer/google_play_services_version" />
197-->[com.google.android.gms:play-services-basement:18.3.0] AndroidManifest.xml:23:13-66
198
199        <receiver
199-->[androidx.profileinstaller:profileinstaller:1.4.0] AndroidManifest.xml:34:9-52:20
200            android:name="androidx.profileinstaller.ProfileInstallReceiver"
200-->[androidx.profileinstaller:profileinstaller:1.4.0] AndroidManifest.xml:35:13-76
201            android:directBootAware="false"
201-->[androidx.profileinstaller:profileinstaller:1.4.0] AndroidManifest.xml:36:13-44
202            android:enabled="true"
202-->[androidx.profileinstaller:profileinstaller:1.4.0] AndroidManifest.xml:37:13-35
203            android:exported="true"
203-->[androidx.profileinstaller:profileinstaller:1.4.0] AndroidManifest.xml:38:13-36
204            android:permission="android.permission.DUMP" >
204-->[androidx.profileinstaller:profileinstaller:1.4.0] AndroidManifest.xml:39:13-57
205            <intent-filter>
205-->[androidx.profileinstaller:profileinstaller:1.4.0] AndroidManifest.xml:40:13-42:29
206                <action android:name="androidx.profileinstaller.action.INSTALL_PROFILE" />
206-->[androidx.profileinstaller:profileinstaller:1.4.0] AndroidManifest.xml:41:17-91
206-->[androidx.profileinstaller:profileinstaller:1.4.0] AndroidManifest.xml:41:25-88
207            </intent-filter>
208            <intent-filter>
208-->[androidx.profileinstaller:profileinstaller:1.4.0] AndroidManifest.xml:43:13-45:29
209                <action android:name="androidx.profileinstaller.action.SKIP_FILE" />
209-->[androidx.profileinstaller:profileinstaller:1.4.0] AndroidManifest.xml:44:17-85
209-->[androidx.profileinstaller:profileinstaller:1.4.0] AndroidManifest.xml:44:25-82
210            </intent-filter>
211            <intent-filter>
211-->[androidx.profileinstaller:profileinstaller:1.4.0] AndroidManifest.xml:46:13-48:29
212                <action android:name="androidx.profileinstaller.action.SAVE_PROFILE" />
212-->[androidx.profileinstaller:profileinstaller:1.4.0] AndroidManifest.xml:47:17-88
212-->[androidx.profileinstaller:profileinstaller:1.4.0] AndroidManifest.xml:47:25-85
213            </intent-filter>
214            <intent-filter>
214-->[androidx.profileinstaller:profileinstaller:1.4.0] AndroidManifest.xml:49:13-51:29
215                <action android:name="androidx.profileinstaller.action.BENCHMARK_OPERATION" />
215-->[androidx.profileinstaller:profileinstaller:1.4.0] AndroidManifest.xml:50:17-95
215-->[androidx.profileinstaller:profileinstaller:1.4.0] AndroidManifest.xml:50:25-92
216            </intent-filter>
217        </receiver>
218
219        <service
219-->[com.google.android.datatransport:transport-backend-cct:3.1.9] AndroidManifest.xml:28:9-34:19
220            android:name="com.google.android.datatransport.runtime.backends.TransportBackendDiscovery"
220-->[com.google.android.datatransport:transport-backend-cct:3.1.9] AndroidManifest.xml:29:13-103
221            android:exported="false" >
221-->[com.google.android.datatransport:transport-backend-cct:3.1.9] AndroidManifest.xml:30:13-37
222            <meta-data
222-->[com.google.android.datatransport:transport-backend-cct:3.1.9] AndroidManifest.xml:31:13-33:39
223                android:name="backend:com.google.android.datatransport.cct.CctBackendFactory"
223-->[com.google.android.datatransport:transport-backend-cct:3.1.9] AndroidManifest.xml:32:17-94
224                android:value="cct" />
224-->[com.google.android.datatransport:transport-backend-cct:3.1.9] AndroidManifest.xml:33:17-36
225        </service>
226        <service
226-->[com.google.android.datatransport:transport-runtime:3.1.9] AndroidManifest.xml:26:9-30:19
227            android:name="com.google.android.datatransport.runtime.scheduling.jobscheduling.JobInfoSchedulerService"
227-->[com.google.android.datatransport:transport-runtime:3.1.9] AndroidManifest.xml:27:13-117
228            android:exported="false"
228-->[com.google.android.datatransport:transport-runtime:3.1.9] AndroidManifest.xml:28:13-37
229            android:permission="android.permission.BIND_JOB_SERVICE" >
229-->[com.google.android.datatransport:transport-runtime:3.1.9] AndroidManifest.xml:29:13-69
230        </service>
231
232        <receiver
232-->[com.google.android.datatransport:transport-runtime:3.1.9] AndroidManifest.xml:32:9-34:40
233            android:name="com.google.android.datatransport.runtime.scheduling.jobscheduling.AlarmManagerSchedulerBroadcastReceiver"
233-->[com.google.android.datatransport:transport-runtime:3.1.9] AndroidManifest.xml:33:13-132
234            android:exported="false" />
234-->[com.google.android.datatransport:transport-runtime:3.1.9] AndroidManifest.xml:34:13-37
235    </application>
236
237</manifest>